<?xml version="1.0" encoding="UTF-8"?>
<testng-results ignored="0" total="1" passed="1" failed="0" skipped="0">
  <reporter-output>
  </reporter-output>
  <suite started-at="2023-07-20T16:27:36 IST" name="maven_for_Jenkins.UiTest" finished-at="2023-07-20T16:27:36 IST" duration-ms="77">
    <groups>
    </groups>
    <test started-at="2023-07-20T16:27:36 IST" name="Command line test" finished-at="2023-07-20T16:27:36 IST" duration-ms="77">
      <class name="maven_for_Jenkins.UiTest">
        <test-method signature="startBrowser()[pri:0, instance:maven_for_Jenkins.UiTest@708f5957]" started-at="2023-07-20T16:27:36 IST" name="startBrowser" finished-at="2023-07-20T16:27:36 IST" duration-ms="6" status="PASS">
          <reporter-output>
          </reporter-output>
        </test-method> <!-- startBrowser -->
      </class> <!-- maven_for_Jenkins.UiTest -->
    </test> <!-- Command line test -->
  </suite> <!-- maven_for_Jenkins.UiTest -->
</testng-results>
