<?xml version="1.0" encoding="UTF-8"?>
<testng-results skipped="0" failed="0" ignored="0" total="1" passed="1">
  <reporter-output>
  </reporter-output>
  <suite name="Default suite" duration-ms="90" started-at="2023-07-20T15:34:08 IST" finished-at="2023-07-20T15:34:08 IST">
    <groups>
    </groups>
    <test name="Default test" duration-ms="90" started-at="2023-07-20T15:34:08 IST" finished-at="2023-07-20T15:34:08 IST">
      <class name="maven_for_Jenkins.UiTest">
        <test-method status="PASS" signature="startBrowser()[pri:0, instance:maven_for_Jenkins.UiTest@76a3e297]" name="startBrowser" duration-ms="13" started-at="2023-07-20T15:34:08 IST" finished-at="2023-07-20T15:34:08 IST">
          <reporter-output>
          </reporter-output>
        </test-method> <!-- startBrowser -->
      </class> <!-- maven_for_Jenkins.UiTest -->
    </test> <!-- Default test -->
  </suite> <!-- Default suite -->
</testng-results>
